
>>> Starting: npm install
npm warn deprecated inflight@1.0.6: This module is not supported, and leaks memory. Do not use it. Check out lru-cache if you want a good and tested way to coalesce async requests by a key value, which is much more comprehensive and powerful.
npm warn deprecated @humanwhocodes/config-array@0.13.0: Use @eslint/config-array instead
npm warn deprecated rimraf@3.0.2: Rimraf versions prior to v4 are no longer supported
npm warn deprecated glob@7.2.3: Glob versions prior to v9 are no longer supported
npm warn deprecated @humanwhocodes/object-schema@2.0.3: Use @eslint/object-schema instead
npm warn deprecated eslint@8.57.1: This version is no longer supported. Please see https://eslint.org/version-support for other options.

added 336 packages, and audited 337 packages in 27s

124 packages are looking for funding
  run `npm fund` for details

2 moderate severity vulnerabilities

To address all issues (including breaking changes), run:
  npm audit fix --force

Run `npm audit` for details.

<<< Exited with code 0

>>> Starting: npm run dev

> snake-game@0.0.0 dev
> vite


  [32m[1mVITE[22m v5.4.21[39m  [2mready in [0m[1m194[22m[2m[0m ms[22m

  [32m➜[39m  [1mLocal[22m:   [36mhttp://localhost:[1m5173[22m/[39m
[2m  [32m➜[39m  [1mNetwork[22m[2m: use [22m[1m--host[22m[2m to expose[22m
[2m1:28:41 PM[22m [36m[1m[vite][22m[39m [32mhmr update [39m[2m/src/components/Board.jsx, /src/index.css[22m
[2m1:37:27 PM[22m [36m[1m[vite][22m[39m [32mhmr update [39m[2m/src/components/Board.jsx, /src/index.css[22m
[2m1:37:29 PM[22m [36m[1m[vite][22m[39m [32mhmr update [39m[2m/src/index.css, /src/App.jsx[22m
^C^C
<<< Exited with code 3221225786
